  0%|          | 0/200 [00:00<?, ?it/s]  0%|          | 0/200 [00:00<?, ?it/s]
Traceback (most recent call last):
  File "/scratch/htc/fsafarov/2cm2_simulation/MoKiTo/examples/md_run/replica0/isokann_runs/isokann_1.py", line 120, in <module>
    train_LOSS, val_LOSS, best_loss, convergence = power_method(D0,
                                                   ^^^^^^^^^^^^^^^^
  File "/scratch/htc/fsafarov/2cm2_simulation/MoKiTo/src/isokann/modules3_3.py", line 285, in power_method
    old_chi =  f_NN(pt_x0).cpu().detach().numpy()
               ^^^^^^^^^^^
  File "/scratch/htc/fsafarov/openmm_ff/lib/python3.12/site-packages/torch/nn/modules/module.py", line 1751, in _wrapped_call_impl
    return self._call_impl(*args, **kwargs)
           ^^^^^^^^^^^^^^^^^^^^^^^^^^^^^^^^
  File "/scratch/htc/fsafarov/openmm_ff/lib/python3.12/site-packages/torch/nn/modules/module.py", line 1762, in _call_impl
    return forward_call(*args, **kwargs)
           ^^^^^^^^^^^^^^^^^^^^^^^^^^^^^
  File "/scratch/htc/fsafarov/2cm2_simulation/MoKiTo/src/isokann/modules3_3.py", line 64, in forward
    X = self.activation(layer(X))
        ^^^^^^^^^^^^^^^
  File "/scratch/htc/fsafarov/openmm_ff/lib/python3.12/site-packages/torch/nn/modules/module.py", line 1940, in __getattr__
    raise AttributeError(
AttributeError: 'NeuralNetwork' object has no attribute 'activation'. Did you mean: 'activation2'?
