  0%|          | 0/200 [00:00<?, ?it/s]  0%|          | 0/200 [00:02<?, ?it/s]
Traceback (most recent call last):
  File "/scratch/htc/fsafarov/2cm2_simulation/MoKiTo/examples/md_run/replica1/isokann_rs_runs/isokann_random_search_5.py", line 80, in <module>
    best_hyperparams, best_val_loss  = random_search(D0,
                                       ^^^^^^^^^^^^^^^^^
  File "/scratch/htc/fsafarov/2cm2_simulation/MoKiTo/src/isokann/modules3_3.py", line 204, in random_search
    train_losses, val_losses, val_loss, convergence = power_method(X, Y,
                                                      ^^^^^^^^^^^^^^^^^^
  File "/scratch/htc/fsafarov/2cm2_simulation/MoKiTo/src/isokann/modules3_3.py", line 296, in power_method
    for batch_xt in xt_loader:
  File "/scratch/htc/fsafarov/openmm_ff/lib/python3.12/site-packages/torch/utils/data/dataloader.py", line 733, in __next__
    data = self._next_data()
           ^^^^^^^^^^^^^^^^^
  File "/scratch/htc/fsafarov/openmm_ff/lib/python3.12/site-packages/torch/utils/data/dataloader.py", line 791, in _next_data
    data = _utils.pin_memory.pin_memory(data, self._pin_memory_device)
           ^^^^^^^^^^^^^^^^^^^^^^^^^^^^^^^^^^^^^^^^^^^^^^^^^^^^^^^^^^^
  File "/scratch/htc/fsafarov/openmm_ff/lib/python3.12/site-packages/torch/utils/data/_utils/pin_memory.py", line 66, in pin_memory
    return data.pin_memory(device)
           ^^^^^^^^^^^^^^^^^^^^^^^
RuntimeError: cannot pin 'torch.cuda.FloatTensor' only dense CPU tensors can be pinned
