  0%|          | 0/50 [00:00<?, ?it/s]  0%|          | 0/50 [00:01<?, ?it/s]
Traceback (most recent call last):
  File "/scratch/htc/fsafarov/2cm2_simulation/MoKiTo/examples/md_run/replica1/isokann_rs_runs/isokann_random_search_1.py", line 94, in <module>
    best_hyperparams, best_val_loss  = random_search(D0_n,
                                       ^^^^^^^^^^^^^^^^^^^
  File "/scratch/htc/fsafarov/2cm2_simulation/MoKiTo/src/isokann/modules3_3.py", line 213, in random_search
    train_losses, val_losses, val_loss, convergence, xtrema = power_method(X, Y,
                                                              ^^^^^^^^^^^^^^^^^^
  File "/scratch/htc/fsafarov/2cm2_simulation/MoKiTo/src/isokann/modules3_3.py", line 291, in power_method
    old_chi =  f_NN(pt_x0).cpu().detach().numpy()
               ^^^^^^^^^^^
  File "/scratch/htc/fsafarov/openmm_ff/lib/python3.12/site-packages/torch/nn/modules/module.py", line 1751, in _wrapped_call_impl
    return self._call_impl(*args, **kwargs)
           ^^^^^^^^^^^^^^^^^^^^^^^^^^^^^^^^
  File "/scratch/htc/fsafarov/openmm_ff/lib/python3.12/site-packages/torch/nn/modules/module.py", line 1762, in _call_impl
    return forward_call(*args, **kwargs)
           ^^^^^^^^^^^^^^^^^^^^^^^^^^^^^
  File "/scratch/htc/fsafarov/2cm2_simulation/MoKiTo/src/isokann/modules3_3.py", line 67, in forward
    X = self.activation(layer(X))
        ^^^^^^^^^^^^^^^
  File "/scratch/htc/fsafarov/openmm_ff/lib/python3.12/site-packages/torch/nn/modules/module.py", line 1940, in __getattr__
    raise AttributeError(
AttributeError: 'NeuralNetwork' object has no attribute 'activation'. Did you mean: 'activation2'?
